
/home/runner/work/exp-comparing-populations-iitb/exp-comparing-populations-iitb/experiment/simulation/common_libraries/js/ts_components/collapse_step.js
   1:10  warning  'show_step' is defined but never used                 no-unused-vars
   2:5   warning  '$' is not defined                                    no-undef
   3:9   warning  '$' is not defined                                    no-undef
   6:10  warning  'hide_step' is defined but never used                 no-unused-vars
   7:5   warning  '$' is not defined                                    no-undef
   8:9   warning  '$' is not defined                                    no-undef
  11:10  warning  'get_collapse_btn_text' is defined but never used     no-unused-vars
  20:10  warning  'get_collapse_btn_element' is defined but never used  no-unused-vars
  29:10  warning  'hide_all_steps' is defined but never used            no-unused-vars
  31:9   warning  '$' is not defined                                    no-undef

/home/runner/work/exp-comparing-populations-iitb/exp-comparing-populations-iitb/experiment/simulation/common_libraries/js/ts_components/matrix.js
   27:26  warning  'MathJax' is not defined                                no-undef
   32:7   warning  'Matrix_Without_String' is defined but never used       no-unused-vars
   52:26  warning  'MathJax' is not defined                                no-undef
   56:10  warning  'get_matrix_html' is defined but never used             no-unused-vars
   87:13  warning  'row_html' is assigned a value but never used           no-unused-vars
   99:10  warning  'get_matrix_html_with_title' is defined but never used  no-unused-vars
  131:13  warning  'row_html' is assigned a value but never used           no-unused-vars
  143:10  warning  'convert_2d_to_1d_vector' is defined but never used     no-unused-vars
  156:10  warning  'convert_1d_to_2d_matrix' is defined but never used     no-unused-vars

/home/runner/work/exp-comparing-populations-iitb/exp-comparing-populations-iitb/experiment/simulation/common_libraries/js/ts_components/pannel.js
  8:7  warning  'Pannel' is defined but never used  no-unused-vars

/home/runner/work/exp-comparing-populations-iitb/exp-comparing-populations-iitb/experiment/simulation/common_libraries/js/ts_components/questions.js
   6:17  warning  'op1' is assigned a value but never used      no-unused-vars
   7:17  warning  'op2' is assigned a value but never used      no-unused-vars
   8:17  warning  'op3' is assigned a value but never used      no-unused-vars
   9:17  warning  'op4' is assigned a value but never used      no-unused-vars
  94:7   warning  'Question_Options' is defined but never used  no-unused-vars

/home/runner/work/exp-comparing-populations-iitb/exp-comparing-populations-iitb/experiment/simulation/common_libraries/js/ts_components/tables.js
   19:22  warning  'verify_values' is not defined                                     no-undef
  137:22  warning  'verify_values' is not defined                                     no-undef
  260:7   warning  'Verify_Rows_Cols_6_decimal_places' is defined but never used      no-unused-vars
  311:22  warning  'verify_values' is not defined                                     no-undef
  416:7   warning  'Verify_Rows_Cols_Custom_Fixed_Update1' is defined but never used  no-unused-vars
  468:7   warning  'Show_Table_Custom_Fixed' is defined but never used                no-unused-vars
  506:7   warning  'Verify_Rows_Cols_Strings' is defined but never used               no-unused-vars
  527:22  warning  'verify_values' is not defined                                     no-undef
  663:7   warning  'Display_Table' is defined but never used                          no-unused-vars

/home/runner/work/exp-comparing-populations-iitb/exp-comparing-populations-iitb/experiment/simulation/common_libraries/js/ts_math_library/general_math_functions.js
    1:10  warning  'verify_values' is defined but never used                   no-unused-vars
   17:10  warning  'random1' is defined but never used                         no-unused-vars
   21:10  warning  'std_deviation' is defined but never used                   no-unused-vars
   26:10  warning  'gauss' is defined but never used                           no-unused-vars
   56:10  warning  'hide_panel' is defined but never used                      no-unused-vars
   63:10  warning  'inverse_matrix' is defined but never used                  no-unused-vars
   96:10  warning  'matrix_multiplication' is defined but never used           no-unused-vars
  113:10  warning  'transpose_matrix' is defined but never used                no-unused-vars
  123:10  warning  'matrix_multiplication_8decimal' is defined but never used  no-unused-vars
  140:10  warning  'adjoint_2x2_matrix' is defined but never used              no-unused-vars
  145:10  warning  'find_deteminant' is defined but never used                 no-unused-vars
  174:10  warning  'get_Submatrix' is defined but never used                   no-unused-vars

/home/runner/work/exp-comparing-populations-iitb/exp-comparing-populations-iitb/experiment/simulation/common_libraries/js/ts_math_library/regression.js
   1:10  warning  'regression_linear' is defined but never used            no-unused-vars
  18:10  warning  'regression_linear_1variable' is defined but never used  no-unused-vars
  27:10  warning  'regression_linear_2variable' is defined but never used  no-unused-vars
  52:11  warning  'gauss' is not defined                                   no-undef

/home/runner/work/exp-comparing-populations-iitb/exp-comparing-populations-iitb/experiment/simulation/common_libraries/math.ob.js
  1:745  warning  'b' is already defined  no-redeclare

/home/runner/work/exp-comparing-populations-iitb/exp-comparing-populations-iitb/experiment/simulation/js/activity1.js
   19:24  warning  'MathJax' is not defined                no-undef
   22:10  warning  'start_act1' is defined but never used  no-unused-vars
   28:20  warning  'get_collapse_btn_text' is not defined  no-undef
   45:5   warning  'hide_all_steps' is not defined         no-undef
   47:25  warning  'n1' is not defined                     no-undef
   52:19  warning  'Show_Table' is not defined             no-undef
   52:40  warning  'x1' is not defined                     no-undef
   55:25  warning  'n2' is not defined                     no-undef
   59:20  warning  'Show_Table' is not defined             no-undef
   59:41  warning  'x2' is not defined                     no-undef
   62:24  warning  'show_step' is not defined              no-undef
   63:24  warning  'MathJax' is not defined                no-undef
   69:5   warning  'x1' is not defined                     no-undef
   70:5   warning  'x2' is not defined                     no-undef
   71:25  warning  'n1' is not defined                     no-undef
   73:9   warning  'x1' is not defined                     no-undef
   75:25  warning  'n2' is not defined                     no-undef
   77:9   warning  'x2' is not defined                     no-undef
   79:25  warning  'n1' is not defined                     no-undef
   80:25  warning  'n2' is not defined                     no-undef
   81:33  warning  'x1' is not defined                     no-undef
   82:33  warning  'x2' is not defined                     no-undef
   86:5   warning  'x1_bar' is not defined                 no-undef
   87:5   warning  'x2_bar' is not defined                 no-undef
   88:25  warning  'x1' is not defined                     no-undef
   89:9   warning  'x1_bar' is not defined                 no-undef
   89:19  warning  'x1' is not defined                     no-undef
   91:25  warning  'x2' is not defined                     no-undef
   92:9   warning  'x2_bar' is not defined                 no-undef
   92:19  warning  'x2' is not defined                     no-undef
   94:5   warning  'x1_bar' is not defined                 no-undef
   94:14  warning  'x1_bar' is not defined                 no-undef
   94:23  warning  'n1' is not defined                     no-undef
   95:5   warning  'x2_bar' is not defined                 no-undef
   95:14  warning  'x2_bar' is not defined                 no-undef
   95:23  warning  'n2' is not defined                     no-undef
   96:30  warning  'x1_bar' is not defined                 no-undef
   96:51  warning  'x2_bar' is not defined                 no-undef
  100:16  warning  'x1_bar' is not defined                 no-undef
  100:25  warning  'x2_bar' is not defined                 no-undef
  100:46  warning  'var1' is not defined                   no-undef
  100:53  warning  'n1' is not defined                     no-undef
  100:60  warning  'var2' is not defined                   no-undef
  100:67  warning  'n2' is not defined                     no-undef
  102:5   warning  'calculated_z' is not defined           no-undef

/home/runner/work/exp-comparing-populations-iitb/exp-comparing-populations-iitb/experiment/simulation/js/activity1_p2.js
   1:10  warning  'activity1_p2' is defined but never used  no-unused-vars
   2:19  warning  'get_collapse_btn_text' is not defined    no-undef
   3:5   warning  'maindiv' is not defined                  no-undef
  24:5   warning  'hide_all_steps' is not defined           no-undef
  25:24  warning  'show_step' is not defined                no-undef
  26:24  warning  'MathJax' is not defined                  no-undef
  28:10  warning  'verify_sum' is defined but never used    no-unused-vars
  34:17  warning  'x1_bar' is not defined                   no-undef
  34:25  warning  'x2_bar' is not defined                   no-undef
  35:10  warning  'verify_values' is not defined            no-undef
  35:48  warning  'x1_bar' is not defined                   no-undef
  39:10  warning  'verify_values' is not defined            no-undef
  39:48  warning  'x2_bar' is not defined                   no-undef
  46:21  warning  'x1_bar' is not defined                   no-undef
  47:21  warning  'x2_bar' is not defined                   no-undef
  55:19  warning  'get_collapse_btn_text' is not defined    no-undef
  56:5   warning  'maindiv' is not defined                  no-undef
  62:87  warning  'var1' is not defined                     no-undef
  64:87  warning  'var2' is not defined                     no-undef
  83:5   warning  'hide_all_steps' is not defined           no-undef
  84:24  warning  'show_step' is not defined                no-undef
  85:24  warning  'MathJax' is not defined                  no-undef

/home/runner/work/exp-comparing-populations-iitb/exp-comparing-populations-iitb/experiment/simulation/js/activity1_p3.js
   1:10  warning  'activity1_p3' is defined but never used  no-unused-vars
   2:19  warning  'get_collapse_btn_text' is not defined    no-undef
   3:5   warning  'maindiv' is not defined                  no-undef
  20:5   warning  'hide_all_steps' is not defined           no-undef
  21:24  warning  'show_step' is not defined                no-undef
  22:24  warning  'MathJax' is not defined                  no-undef
  24:10  warning  'verify_z_val' is defined but never used  no-unused-vars
  28:17  warning  'calculated_z' is not defined             no-undef
  29:10  warning  'verify_values' is not defined            no-undef
  29:48  warning  'calculated_z' is not defined             no-undef
  35:21  warning  'calculated_z' is not defined             no-undef
  41:5   warning  'activity1_p4' is not defined             no-undef
  44:9   warning  'calculated_z' is not defined             no-undef
  44:33  warning  'calculated_z' is not defined             no-undef
  45:9   warning  'result' is not defined                   no-undef
  49:9   warning  'result' is not defined                   no-undef

/home/runner/work/exp-comparing-populations-iitb/exp-comparing-populations-iitb/experiment/simulation/js/activity1_p4.js
   1:10   warning  'activity1_p4' is defined but never used  no-unused-vars
   6:19   warning  'get_collapse_btn_text' is not defined    no-undef
   7:5    warning  'maindiv' is not defined                  no-undef
  16:28   warning  'Updated_Question' is not defined         no-undef
  16:127  warning  'result' is not defined                   no-undef
  17:24   warning  'MathJax' is not defined                  no-undef
  18:5    warning  'hide_all_steps' is not defined           no-undef
  19:24   warning  'show_step' is not defined                no-undef

/home/runner/work/exp-comparing-populations-iitb/exp-comparing-populations-iitb/experiment/simulation/js/data.js
   6:5  warning  'x1' is defined but never used                     no-unused-vars
   7:5  warning  'x2' is defined but never used                     no-unused-vars
   8:5  warning  'x1_bar' is assigned a value but never used        no-unused-vars
   9:5  warning  'x2_bar' is assigned a value but never used        no-unused-vars
  13:5  warning  'calculated_z' is assigned a value but never used  no-unused-vars
  14:5  warning  'result' is assigned a value but never used        no-unused-vars

/home/runner/work/exp-comparing-populations-iitb/exp-comparing-populations-iitb/experiment/simulation/js/screen_size.js
  1:10  warning  'set_screen_size' is defined but never used  no-unused-vars

/home/runner/work/exp-comparing-populations-iitb/exp-comparing-populations-iitb/experiment/simulation/js/z_table.js
  1:5  warning  'z_table' is assigned a value but never used  no-unused-vars

✖ 150 problems (0 errors, 150 warnings)

